<?xml version="1.0" encoding="UTF-8"?>
<!-- Generated by org.testng.reporters.JUnitReportReporter -->
<testsuite skipped="0" hostname="Fatemas-MacBook-Pro.local" name="crossbrowser.XmlDemo" tests="1" failures="0" timestamp="27 Dec 2017 00:56:25 GMT" time="0.007" errors="0">
  <testcase name="displayResult" time="0.007" classname="crossbrowser.XmlDemo"/>
</testsuite> <!-- crossbrowser.XmlDemo -->
