<?xml version="1.0" encoding="UTF-8"?>
<!-- Generated by org.testng.reporters.JUnitReportReporter -->
<testsuite skipped="0" hostname="Fatemas-MacBook-Pro.local" name="crossbrowser.XmlDemo1" tests="1" failures="0" timestamp="27 Dec 2017 00:56:25 GMT" time="0.001" errors="0">
  <testcase name="displayResult" time="0.001" classname="crossbrowser.XmlDemo1"/>
</testsuite> <!-- crossbrowser.XmlDemo1 -->
